<?xml version="1.0" encoding="UTF-8"?>
<!-- Generated by org.testng.reporters.JUnitReportReporter -->
<testsuite hostname="TYSS-Chaithra" failures="0" tests="2" name="com.jenkin.jenkinTC.UserLogin" time="0.016" errors="0" timestamp="03 Jan 2022 06:27:46 GMT" skipped="0">
  <testcase classname="com.jenkin.jenkinTC.UserLogin" name="userLoginWithInvalidCredentials" time="0.011"/>
  <testcase classname="com.jenkin.jenkinTC.UserLogin" name="userLoginWithValidCredentials" time="0.005"/>
</testsuite> <!-- com.jenkin.jenkinTC.UserLogin -->
